<?xml version="1.0" encoding="UTF-8"?>
<!-- Generated by org.testng.reporters.JUnitReportReporter -->
<testsuite hostname="Omonjons-MacBook-Pro.local" failures="0" tests="1" name="com.academy.techcenture.GoogleTest" time="10.848" errors="0" timestamp="05 Feb 2023 02:22:56 GMT" skipped="0">
  <testcase classname="com.academy.techcenture.GoogleTest" name="googleSearchTest" time="10.848"/>
</testsuite> <!-- com.academy.techcenture.GoogleTest -->
